[    1684ms] [ERROR] Permissions policy violation: unload is not allowed in this document. @ https://static.xx.fbcdn.net/rsrc.php/v4/yE/r/-MiLwDFVI2F.js:322
[    3464ms] [LOG] 
%cStop! font-family:helvetica; font-size:20px; font-size:50px; font-weight:bold; color:red; -webkit-text-stroke:1px black; @ https://static.xx.fbcdn.net/rsrc.php/v4izjB4/y5/l/en_US-j/Qy0b2d-xGvEhPUkUsHO5Y2VfortLzGqOYlJk7XOF2C0TZW5p7_WurV5FbrZ-OzE10oXcgcWUruCBXfsKjFW824VXoE-9MnZEgONc7vjjGWggiPQLPZkwt52vcSIu_wq0Igd6YvQvwC_3_bp-KlHau0oeUEkC3QLVQSySYTnsosJcA3Da9USAbvAcgAZakTHMVGsROym0AlPbqZWoXK-eJ3g2etCab6wWMSXM9OS_fA75LmxJDdXjjrfvj9phz.js:1651
[    3464ms] [LOG] 
%cThis is a browser feature intended for developers. If someone told you to copy-paste something here to enable a Facebook feature or "hack" someone's account, it's a scam and will give them access to your Facebook account. font-family:helvetica; font-size:20px;  @ https://static.xx.fbcdn.net/rsrc.php/v4izjB4/y5/l/en_US-j/Qy0b2d-xGvEhPUkUsHO5Y2VfortLzGqOYlJk7XOF2C0TZW5p7_WurV5FbrZ-OzE10oXcgcWUruCBXfsKjFW824VXoE-9MnZEgONc7vjjGWggiPQLPZkwt52vcSIu_wq0Igd6YvQvwC_3_bp-KlHau0oeUEkC3QLVQSySYTnsosJcA3Da9USAbvAcgAZakTHMVGsROym0AlPbqZWoXK-eJ3g2etCab6wWMSXM9OS_fA75LmxJDdXjjrfvj9phz.js:1651
[    3464ms] [LOG] 
%cSee https://www.facebook.com/selfxss for more information. font-family:helvetica; font-size:20px;  @ https://static.xx.fbcdn.net/rsrc.php/v4izjB4/y5/l/en_US-j/Qy0b2d-xGvEhPUkUsHO5Y2VfortLzGqOYlJk7XOF2C0TZW5p7_WurV5FbrZ-OzE10oXcgcWUruCBXfsKjFW824VXoE-9MnZEgONc7vjjGWggiPQLPZkwt52vcSIu_wq0Igd6YvQvwC_3_bp-KlHau0oeUEkC3QLVQSySYTnsosJcA3Da9USAbvAcgAZakTHMVGsROym0AlPbqZWoXK-eJ3g2etCab6wWMSXM9OS_fA75LmxJDdXjjrfvj9phz.js:1651
[    3464ms] [LOG] 
%c  @ https://static.xx.fbcdn.net/rsrc.php/v4izjB4/y5/l/en_US-j/Qy0b2d-xGvEhPUkUsHO5Y2VfortLzGqOYlJk7XOF2C0TZW5p7_WurV5FbrZ-OzE10oXcgcWUruCBXfsKjFW824VXoE-9MnZEgONc7vjjGWggiPQLPZkwt52vcSIu_wq0Igd6YvQvwC_3_bp-KlHau0oeUEkC3QLVQSySYTnsosJcA3Da9USAbvAcgAZakTHMVGsROym0AlPbqZWoXK-eJ3g2etCab6wWMSXM9OS_fA75LmxJDdXjjrfvj9phz.js:1651
[ 7248941ms] [ERROR] Permissions policy violation: unload is not allowed in this document. @ https://static.xx.fbcdn.net/rsrc.php/v4/yE/r/-MiLwDFVI2F.js:322
[ 7254534ms] [LOG] 
%cStop! font-family:helvetica; font-size:20px; font-size:50px; font-weight:bold; color:red; -webkit-text-stroke:1px black; @ https://static.xx.fbcdn.net/rsrc.php/v4iYtQ4/yg/l/en_US-j/XcgcWUruCBXfsKjFW824VXoE-9MnZEgONc7vjjGWggiPQLPZkwt52vcSIu_wq0Igd6YvQvwC_3_bp-KlHau0oeUETnsosJcA3Da93GgYLWLlL99USAbvAcgAZakTHMVGsROym0AlPbqZWoXK-eJ3g2etCab6wWMSXM9OS_fA75LmxJDdmdj3BtdP1sKXjjrfvj9phzGByQHwqEcM4WHR082c0uvG_r3tdgb5-G6h9syo26Ro3c0bmJaX4GgnVhHUuJxmI2sIpzw6ZMd4Qaiq0eU9JAm6p2TBt6VyFcoyEzIcNwrPEtXmHFWoAFWBqE-XNIQ_22zOI0.js:453
[ 7254535ms] [LOG] 
%cThis is a browser feature intended for developers. If someone told you to copy-paste something here to enable a Facebook feature or "hack" someone's account, it's a scam and will give them access to your Facebook account. font-family:helvetica; font-size:20px;  @ https://static.xx.fbcdn.net/rsrc.php/v4iYtQ4/yg/l/en_US-j/XcgcWUruCBXfsKjFW824VXoE-9MnZEgONc7vjjGWggiPQLPZkwt52vcSIu_wq0Igd6YvQvwC_3_bp-KlHau0oeUETnsosJcA3Da93GgYLWLlL99USAbvAcgAZakTHMVGsROym0AlPbqZWoXK-eJ3g2etCab6wWMSXM9OS_fA75LmxJDdmdj3BtdP1sKXjjrfvj9phzGByQHwqEcM4WHR082c0uvG_r3tdgb5-G6h9syo26Ro3c0bmJaX4GgnVhHUuJxmI2sIpzw6ZMd4Qaiq0eU9JAm6p2TBt6VyFcoyEzIcNwrPEtXmHFWoAFWBqE-XNIQ_22zOI0.js:453
[ 7254535ms] [LOG] 
%cSee https://www.facebook.com/selfxss for more information. font-family:helvetica; font-size:20px;  @ https://static.xx.fbcdn.net/rsrc.php/v4iYtQ4/yg/l/en_US-j/XcgcWUruCBXfsKjFW824VXoE-9MnZEgONc7vjjGWggiPQLPZkwt52vcSIu_wq0Igd6YvQvwC_3_bp-KlHau0oeUETnsosJcA3Da93GgYLWLlL99USAbvAcgAZakTHMVGsROym0AlPbqZWoXK-eJ3g2etCab6wWMSXM9OS_fA75LmxJDdmdj3BtdP1sKXjjrfvj9phzGByQHwqEcM4WHR082c0uvG_r3tdgb5-G6h9syo26Ro3c0bmJaX4GgnVhHUuJxmI2sIpzw6ZMd4Qaiq0eU9JAm6p2TBt6VyFcoyEzIcNwrPEtXmHFWoAFWBqE-XNIQ_22zOI0.js:453
[ 7254535ms] [LOG] 
%c  @ https://static.xx.fbcdn.net/rsrc.php/v4iYtQ4/yg/l/en_US-j/XcgcWUruCBXfsKjFW824VXoE-9MnZEgONc7vjjGWggiPQLPZkwt52vcSIu_wq0Igd6YvQvwC_3_bp-KlHau0oeUETnsosJcA3Da93GgYLWLlL99USAbvAcgAZakTHMVGsROym0AlPbqZWoXK-eJ3g2etCab6wWMSXM9OS_fA75LmxJDdmdj3BtdP1sKXjjrfvj9phzGByQHwqEcM4WHR082c0uvG_r3tdgb5-G6h9syo26Ro3c0bmJaX4GgnVhHUuJxmI2sIpzw6ZMd4Qaiq0eU9JAm6p2TBt6VyFcoyEzIcNwrPEtXmHFWoAFWBqE-XNIQ_22zOI0.js:453
[ 7273908ms] [ERROR] Permissions policy violation: unload is not allowed in this document. @ https://static.xx.fbcdn.net/rsrc.php/v4/yE/r/-MiLwDFVI2F.js:322
[ 7279739ms] [LOG] 
%cStop! font-family:helvetica; font-size:20px; font-size:50px; font-weight:bold; color:red; -webkit-text-stroke:1px black; @ https://static.xx.fbcdn.net/rsrc.php/v4iYtQ4/yg/l/en_US-j/XcgcWUruCBXfsKjFW824VXoE-9MnZEgONc7vjjGWggiPQLPZkwt52vcSIu_wq0Igd6YvQvwC_3_bp-KlHau0oeUETnsosJcA3Da93GgYLWLlL99USAbvAcgAZakTHMVGsROym0AlPbqZWoXK-eJ3g2etCab6wWMSXM9OS_fA75LmxJDdmdj3BtdP1sKXjjrfvj9phzGByQHwqEcM4WHR082c0uvG_r3tdgb5-G6h9syo26Ro3c0bmJaX4GgnVhHUuJxmI2sIpzw6ZMd4Qaiq0eU9JAm6p2TBt6VyFcoyEzIcNwrPEtXmHFWoAFWBqE-XNIQ_22zOI0.js:453
[ 7279739ms] [LOG] 
%cThis is a browser feature intended for developers. If someone told you to copy-paste something here to enable a Facebook feature or "hack" someone's account, it's a scam and will give them access to your Facebook account. font-family:helvetica; font-size:20px;  @ https://static.xx.fbcdn.net/rsrc.php/v4iYtQ4/yg/l/en_US-j/XcgcWUruCBXfsKjFW824VXoE-9MnZEgONc7vjjGWggiPQLPZkwt52vcSIu_wq0Igd6YvQvwC_3_bp-KlHau0oeUETnsosJcA3Da93GgYLWLlL99USAbvAcgAZakTHMVGsROym0AlPbqZWoXK-eJ3g2etCab6wWMSXM9OS_fA75LmxJDdmdj3BtdP1sKXjjrfvj9phzGByQHwqEcM4WHR082c0uvG_r3tdgb5-G6h9syo26Ro3c0bmJaX4GgnVhHUuJxmI2sIpzw6ZMd4Qaiq0eU9JAm6p2TBt6VyFcoyEzIcNwrPEtXmHFWoAFWBqE-XNIQ_22zOI0.js:453
[ 7279739ms] [LOG] 
%cSee https://www.facebook.com/selfxss for more information. font-family:helvetica; font-size:20px;  @ https://static.xx.fbcdn.net/rsrc.php/v4iYtQ4/yg/l/en_US-j/XcgcWUruCBXfsKjFW824VXoE-9MnZEgONc7vjjGWggiPQLPZkwt52vcSIu_wq0Igd6YvQvwC_3_bp-KlHau0oeUETnsosJcA3Da93GgYLWLlL99USAbvAcgAZakTHMVGsROym0AlPbqZWoXK-eJ3g2etCab6wWMSXM9OS_fA75LmxJDdmdj3BtdP1sKXjjrfvj9phzGByQHwqEcM4WHR082c0uvG_r3tdgb5-G6h9syo26Ro3c0bmJaX4GgnVhHUuJxmI2sIpzw6ZMd4Qaiq0eU9JAm6p2TBt6VyFcoyEzIcNwrPEtXmHFWoAFWBqE-XNIQ_22zOI0.js:453
[ 7279740ms] [LOG] 
%c  @ https://static.xx.fbcdn.net/rsrc.php/v4iYtQ4/yg/l/en_US-j/XcgcWUruCBXfsKjFW824VXoE-9MnZEgONc7vjjGWggiPQLPZkwt52vcSIu_wq0Igd6YvQvwC_3_bp-KlHau0oeUETnsosJcA3Da93GgYLWLlL99USAbvAcgAZakTHMVGsROym0AlPbqZWoXK-eJ3g2etCab6wWMSXM9OS_fA75LmxJDdmdj3BtdP1sKXjjrfvj9phzGByQHwqEcM4WHR082c0uvG_r3tdgb5-G6h9syo26Ro3c0bmJaX4GgnVhHUuJxmI2sIpzw6ZMd4Qaiq0eU9JAm6p2TBt6VyFcoyEzIcNwrPEtXmHFWoAFWBqE-XNIQ_22zOI0.js:453
[ 7284310ms] [ERROR] Permissions policy violation: unload is not allowed in this document. @ https://static.xx.fbcdn.net/rsrc.php/v4/yE/r/-MiLwDFVI2F.js:322
[ 7286400ms] [LOG] 
%cStop! font-family:helvetica; font-size:20px; font-size:50px; font-weight:bold; color:red; -webkit-text-stroke:1px black; @ https://static.xx.fbcdn.net/rsrc.php/v4izjB4/y5/l/en_US-j/Qy0b2d-xGvEhPUkUsHO5Y2VfortLzGqOYlJk7XOF2C0TZW5p7_WurV5FbrZ-OzE10oXcgcWUruCBXfsKjFW824VXoE-9MnZEgONc7vjjGWggiPQLPZkwt52vcSIu_wq0Igd6YvQvwC_3_bp-KlHau0oeUEkC3QLVQSySYTnsosJcA3Da9USAbvAcgAZakTHMVGsROym0AlPbqZWoXK-eJ3g2etCab6wWMSXM9OS_fA75LmxJDdXjjrfvj9phz.js:1651
[ 7286400ms] [LOG] 
%cThis is a browser feature intended for developers. If someone told you to copy-paste something here to enable a Facebook feature or "hack" someone's account, it's a scam and will give them access to your Facebook account. font-family:helvetica; font-size:20px;  @ https://static.xx.fbcdn.net/rsrc.php/v4izjB4/y5/l/en_US-j/Qy0b2d-xGvEhPUkUsHO5Y2VfortLzGqOYlJk7XOF2C0TZW5p7_WurV5FbrZ-OzE10oXcgcWUruCBXfsKjFW824VXoE-9MnZEgONc7vjjGWggiPQLPZkwt52vcSIu_wq0Igd6YvQvwC_3_bp-KlHau0oeUEkC3QLVQSySYTnsosJcA3Da9USAbvAcgAZakTHMVGsROym0AlPbqZWoXK-eJ3g2etCab6wWMSXM9OS_fA75LmxJDdXjjrfvj9phz.js:1651
[ 7286401ms] [LOG] 
%cSee https://www.facebook.com/selfxss for more information. font-family:helvetica; font-size:20px;  @ https://static.xx.fbcdn.net/rsrc.php/v4izjB4/y5/l/en_US-j/Qy0b2d-xGvEhPUkUsHO5Y2VfortLzGqOYlJk7XOF2C0TZW5p7_WurV5FbrZ-OzE10oXcgcWUruCBXfsKjFW824VXoE-9MnZEgONc7vjjGWggiPQLPZkwt52vcSIu_wq0Igd6YvQvwC_3_bp-KlHau0oeUEkC3QLVQSySYTnsosJcA3Da9USAbvAcgAZakTHMVGsROym0AlPbqZWoXK-eJ3g2etCab6wWMSXM9OS_fA75LmxJDdXjjrfvj9phz.js:1651
[ 7286401ms] [LOG] 
%c  @ https://static.xx.fbcdn.net/rsrc.php/v4izjB4/y5/l/en_US-j/Qy0b2d-xGvEhPUkUsHO5Y2VfortLzGqOYlJk7XOF2C0TZW5p7_WurV5FbrZ-OzE10oXcgcWUruCBXfsKjFW824VXoE-9MnZEgONc7vjjGWggiPQLPZkwt52vcSIu_wq0Igd6YvQvwC_3_bp-KlHau0oeUEkC3QLVQSySYTnsosJcA3Da9USAbvAcgAZakTHMVGsROym0AlPbqZWoXK-eJ3g2etCab6wWMSXM9OS_fA75LmxJDdXjjrfvj9phz.js:1651
[10006856ms] [ERROR] Permissions policy violation: unload is not allowed in this document. @ https://static.xx.fbcdn.net/rsrc.php/v4/yE/r/-MiLwDFVI2F.js:322
[10011495ms] [LOG] 
%cStop! font-family:helvetica; font-size:20px; font-size:50px; font-weight:bold; color:red; -webkit-text-stroke:1px black; @ https://static.xx.fbcdn.net/rsrc.php/v4iYtQ4/yg/l/en_US-j/XcgcWUruCBXfsKjFW824VXoE-9MnZEgONc7vjjGWggiPQLPZkwt52vcSIu_wq0Igd6YvQvwC_3_bp-KlHau0oeUETnsosJcA3Da93GgYLWLlL99USAbvAcgAZakTHMVGsROym0AlPbqZWoXK-eJ3g2etCab6wWMSXM9OS_fA75LmxJDdmdj3BtdP1sKXjjrfvj9phzGByQHwqEcM4WHR082c0uvG_r3tdgb5-G6h9syo26Ro3c0bmJaX4GgnVhHUuJxmI2sIpzw6ZMd4Qaiq0eU9JAm6p2TBt6VyFcoyEzIcNwrPEtXmHFWoAFWBqE-XNIQ_22zOI0.js:453
[10011495ms] [LOG] 
%cThis is a browser feature intended for developers. If someone told you to copy-paste something here to enable a Facebook feature or "hack" someone's account, it's a scam and will give them access to your Facebook account. font-family:helvetica; font-size:20px;  @ https://static.xx.fbcdn.net/rsrc.php/v4iYtQ4/yg/l/en_US-j/XcgcWUruCBXfsKjFW824VXoE-9MnZEgONc7vjjGWggiPQLPZkwt52vcSIu_wq0Igd6YvQvwC_3_bp-KlHau0oeUETnsosJcA3Da93GgYLWLlL99USAbvAcgAZakTHMVGsROym0AlPbqZWoXK-eJ3g2etCab6wWMSXM9OS_fA75LmxJDdmdj3BtdP1sKXjjrfvj9phzGByQHwqEcM4WHR082c0uvG_r3tdgb5-G6h9syo26Ro3c0bmJaX4GgnVhHUuJxmI2sIpzw6ZMd4Qaiq0eU9JAm6p2TBt6VyFcoyEzIcNwrPEtXmHFWoAFWBqE-XNIQ_22zOI0.js:453
[10011495ms] [LOG] 
%cSee https://www.facebook.com/selfxss for more information. font-family:helvetica; font-size:20px;  @ https://static.xx.fbcdn.net/rsrc.php/v4iYtQ4/yg/l/en_US-j/XcgcWUruCBXfsKjFW824VXoE-9MnZEgONc7vjjGWggiPQLPZkwt52vcSIu_wq0Igd6YvQvwC_3_bp-KlHau0oeUETnsosJcA3Da93GgYLWLlL99USAbvAcgAZakTHMVGsROym0AlPbqZWoXK-eJ3g2etCab6wWMSXM9OS_fA75LmxJDdmdj3BtdP1sKXjjrfvj9phzGByQHwqEcM4WHR082c0uvG_r3tdgb5-G6h9syo26Ro3c0bmJaX4GgnVhHUuJxmI2sIpzw6ZMd4Qaiq0eU9JAm6p2TBt6VyFcoyEzIcNwrPEtXmHFWoAFWBqE-XNIQ_22zOI0.js:453
[10011495ms] [LOG] 
%c  @ https://static.xx.fbcdn.net/rsrc.php/v4iYtQ4/yg/l/en_US-j/XcgcWUruCBXfsKjFW824VXoE-9MnZEgONc7vjjGWggiPQLPZkwt52vcSIu_wq0Igd6YvQvwC_3_bp-KlHau0oeUETnsosJcA3Da93GgYLWLlL99USAbvAcgAZakTHMVGsROym0AlPbqZWoXK-eJ3g2etCab6wWMSXM9OS_fA75LmxJDdmdj3BtdP1sKXjjrfvj9phzGByQHwqEcM4WHR082c0uvG_r3tdgb5-G6h9syo26Ro3c0bmJaX4GgnVhHUuJxmI2sIpzw6ZMd4Qaiq0eU9JAm6p2TBt6VyFcoyEzIcNwrPEtXmHFWoAFWBqE-XNIQ_22zOI0.js:453
[10015475ms] [ERROR] Permissions policy violation: unload is not allowed in this document. @ https://static.xx.fbcdn.net/rsrc.php/v4/yE/r/-MiLwDFVI2F.js:322
[10017923ms] [LOG] 
%cStop! font-family:helvetica; font-size:20px; font-size:50px; font-weight:bold; color:red; -webkit-text-stroke:1px black; @ https://static.xx.fbcdn.net/rsrc.php/v4izjB4/yw/l/en_US-j/mCW9r_Oc-iehPUkUsHO5Y2VfortLzGqOYlJk7XOF2C0TZW5p7_WurV5FbrZ-OzE10oXcgcWUruCBXfsKjFW824VXoE-9MnZEgONc7vjjGWggiPQLPZkwt52vcSIu_wq0Igd6YvQvwC_3_bp-KlHau0oeUEkC3QLVQSySYTnsosJcA3Da9USAbvAcgAZakTHMVGsROym0AlPbqZWoXK-eJ3g2etCab6wWMSXM9OS_fA75LmxJDdXjjrfvj9phz.js:1651
[10017988ms] [LOG] 
%cThis is a browser feature intended for developers. If someone told you to copy-paste something here to enable a Facebook feature or "hack" someone's account, it's a scam and will give them access to your Facebook account. font-family:helvetica; font-size:20px;  @ https://static.xx.fbcdn.net/rsrc.php/v4izjB4/yw/l/en_US-j/mCW9r_Oc-iehPUkUsHO5Y2VfortLzGqOYlJk7XOF2C0TZW5p7_WurV5FbrZ-OzE10oXcgcWUruCBXfsKjFW824VXoE-9MnZEgONc7vjjGWggiPQLPZkwt52vcSIu_wq0Igd6YvQvwC_3_bp-KlHau0oeUEkC3QLVQSySYTnsosJcA3Da9USAbvAcgAZakTHMVGsROym0AlPbqZWoXK-eJ3g2etCab6wWMSXM9OS_fA75LmxJDdXjjrfvj9phz.js:1651
[10017988ms] [LOG] 
%cSee https://www.facebook.com/selfxss for more information. font-family:helvetica; font-size:20px;  @ https://static.xx.fbcdn.net/rsrc.php/v4izjB4/yw/l/en_US-j/mCW9r_Oc-iehPUkUsHO5Y2VfortLzGqOYlJk7XOF2C0TZW5p7_WurV5FbrZ-OzE10oXcgcWUruCBXfsKjFW824VXoE-9MnZEgONc7vjjGWggiPQLPZkwt52vcSIu_wq0Igd6YvQvwC_3_bp-KlHau0oeUEkC3QLVQSySYTnsosJcA3Da9USAbvAcgAZakTHMVGsROym0AlPbqZWoXK-eJ3g2etCab6wWMSXM9OS_fA75LmxJDdXjjrfvj9phz.js:1651
[10017989ms] [LOG] 
%c  @ https://static.xx.fbcdn.net/rsrc.php/v4izjB4/yw/l/en_US-j/mCW9r_Oc-iehPUkUsHO5Y2VfortLzGqOYlJk7XOF2C0TZW5p7_WurV5FbrZ-OzE10oXcgcWUruCBXfsKjFW824VXoE-9MnZEgONc7vjjGWggiPQLPZkwt52vcSIu_wq0Igd6YvQvwC_3_bp-KlHau0oeUEkC3QLVQSySYTnsosJcA3Da9USAbvAcgAZakTHMVGsROym0AlPbqZWoXK-eJ3g2etCab6wWMSXM9OS_fA75LmxJDdXjjrfvj9phz.js:1651
[10032424ms] [ERROR] Permissions policy violation: unload is not allowed in this document. @ https://static.xx.fbcdn.net/rsrc.php/v4/yE/r/-MiLwDFVI2F.js:322
[10035778ms] [LOG] 
%cStop! font-family:helvetica; font-size:20px; font-size:50px; font-weight:bold; color:red; -webkit-text-stroke:1px black; @ https://static.xx.fbcdn.net/rsrc.php/v4iYtQ4/yg/l/en_US-j/XcgcWUruCBXfsKjFW824VXoE-9MnZEgONc7vjjGWggiPQLPZkwt52vcSIu_wq0Igd6YvQvwC_3_bp-KlHau0oeUETnsosJcA3Da93GgYLWLlL99USAbvAcgAZakTHMVGsROym0AlPbqZWoXK-eJ3g2etCab6wWMSXM9OS_fA75LmxJDdmdj3BtdP1sKXjjrfvj9phzGByQHwqEcM4WHR082c0uvG_r3tdgb5-G6h9syo26Ro3c0bmJaX4GgnVhHUuJxmI2sIpzw6ZMd4Qaiq0eU9JAm6p2TBt6VyFcoyEzIcNwrPEtXmHFWoAFWBqE-XNIQ_22zOI0.js:453
[10035779ms] [LOG] 
%cThis is a browser feature intended for developers. If someone told you to copy-paste something here to enable a Facebook feature or "hack" someone's account, it's a scam and will give them access to your Facebook account. font-family:helvetica; font-size:20px;  @ https://static.xx.fbcdn.net/rsrc.php/v4iYtQ4/yg/l/en_US-j/XcgcWUruCBXfsKjFW824VXoE-9MnZEgONc7vjjGWggiPQLPZkwt52vcSIu_wq0Igd6YvQvwC_3_bp-KlHau0oeUETnsosJcA3Da93GgYLWLlL99USAbvAcgAZakTHMVGsROym0AlPbqZWoXK-eJ3g2etCab6wWMSXM9OS_fA75LmxJDdmdj3BtdP1sKXjjrfvj9phzGByQHwqEcM4WHR082c0uvG_r3tdgb5-G6h9syo26Ro3c0bmJaX4GgnVhHUuJxmI2sIpzw6ZMd4Qaiq0eU9JAm6p2TBt6VyFcoyEzIcNwrPEtXmHFWoAFWBqE-XNIQ_22zOI0.js:453
[10035781ms] [LOG] 
%cSee https://www.facebook.com/selfxss for more information. font-family:helvetica; font-size:20px;  @ https://static.xx.fbcdn.net/rsrc.php/v4iYtQ4/yg/l/en_US-j/XcgcWUruCBXfsKjFW824VXoE-9MnZEgONc7vjjGWggiPQLPZkwt52vcSIu_wq0Igd6YvQvwC_3_bp-KlHau0oeUETnsosJcA3Da93GgYLWLlL99USAbvAcgAZakTHMVGsROym0AlPbqZWoXK-eJ3g2etCab6wWMSXM9OS_fA75LmxJDdmdj3BtdP1sKXjjrfvj9phzGByQHwqEcM4WHR082c0uvG_r3tdgb5-G6h9syo26Ro3c0bmJaX4GgnVhHUuJxmI2sIpzw6ZMd4Qaiq0eU9JAm6p2TBt6VyFcoyEzIcNwrPEtXmHFWoAFWBqE-XNIQ_22zOI0.js:453
[10035781ms] [LOG] 
%c  @ https://static.xx.fbcdn.net/rsrc.php/v4iYtQ4/yg/l/en_US-j/XcgcWUruCBXfsKjFW824VXoE-9MnZEgONc7vjjGWggiPQLPZkwt52vcSIu_wq0Igd6YvQvwC_3_bp-KlHau0oeUETnsosJcA3Da93GgYLWLlL99USAbvAcgAZakTHMVGsROym0AlPbqZWoXK-eJ3g2etCab6wWMSXM9OS_fA75LmxJDdmdj3BtdP1sKXjjrfvj9phzGByQHwqEcM4WHR082c0uvG_r3tdgb5-G6h9syo26Ro3c0bmJaX4GgnVhHUuJxmI2sIpzw6ZMd4Qaiq0eU9JAm6p2TBt6VyFcoyEzIcNwrPEtXmHFWoAFWBqE-XNIQ_22zOI0.js:453
[10039892ms] [ERROR] Permissions policy violation: unload is not allowed in this document. @ https://static.xx.fbcdn.net/rsrc.php/v4/yE/r/-MiLwDFVI2F.js:322
[10041494ms] [LOG] 
%cStop! font-family:helvetica; font-size:20px; font-size:50px; font-weight:bold; color:red; -webkit-text-stroke:1px black; @ https://static.xx.fbcdn.net/rsrc.php/v4izjB4/yw/l/en_US-j/mCW9r_Oc-iehPUkUsHO5Y2VfortLzGqOYlJk7XOF2C0TZW5p7_WurV5FbrZ-OzE10oXcgcWUruCBXfsKjFW824VXoE-9MnZEgONc7vjjGWggiPQLPZkwt52vcSIu_wq0Igd6YvQvwC_3_bp-KlHau0oeUEkC3QLVQSySYTnsosJcA3Da9USAbvAcgAZakTHMVGsROym0AlPbqZWoXK-eJ3g2etCab6wWMSXM9OS_fA75LmxJDdXjjrfvj9phz.js:1651
[10041494ms] [LOG] 
%cThis is a browser feature intended for developers. If someone told you to copy-paste something here to enable a Facebook feature or "hack" someone's account, it's a scam and will give them access to your Facebook account. font-family:helvetica; font-size:20px;  @ https://static.xx.fbcdn.net/rsrc.php/v4izjB4/yw/l/en_US-j/mCW9r_Oc-iehPUkUsHO5Y2VfortLzGqOYlJk7XOF2C0TZW5p7_WurV5FbrZ-OzE10oXcgcWUruCBXfsKjFW824VXoE-9MnZEgONc7vjjGWggiPQLPZkwt52vcSIu_wq0Igd6YvQvwC_3_bp-KlHau0oeUEkC3QLVQSySYTnsosJcA3Da9USAbvAcgAZakTHMVGsROym0AlPbqZWoXK-eJ3g2etCab6wWMSXM9OS_fA75LmxJDdXjjrfvj9phz.js:1651
[10041494ms] [LOG] 
%cSee https://www.facebook.com/selfxss for more information. font-family:helvetica; font-size:20px;  @ https://static.xx.fbcdn.net/rsrc.php/v4izjB4/yw/l/en_US-j/mCW9r_Oc-iehPUkUsHO5Y2VfortLzGqOYlJk7XOF2C0TZW5p7_WurV5FbrZ-OzE10oXcgcWUruCBXfsKjFW824VXoE-9MnZEgONc7vjjGWggiPQLPZkwt52vcSIu_wq0Igd6YvQvwC_3_bp-KlHau0oeUEkC3QLVQSySYTnsosJcA3Da9USAbvAcgAZakTHMVGsROym0AlPbqZWoXK-eJ3g2etCab6wWMSXM9OS_fA75LmxJDdXjjrfvj9phz.js:1651
[10041494ms] [LOG] 
%c  @ https://static.xx.fbcdn.net/rsrc.php/v4izjB4/yw/l/en_US-j/mCW9r_Oc-iehPUkUsHO5Y2VfortLzGqOYlJk7XOF2C0TZW5p7_WurV5FbrZ-OzE10oXcgcWUruCBXfsKjFW824VXoE-9MnZEgONc7vjjGWggiPQLPZkwt52vcSIu_wq0Igd6YvQvwC_3_bp-KlHau0oeUEkC3QLVQSySYTnsosJcA3Da9USAbvAcgAZakTHMVGsROym0AlPbqZWoXK-eJ3g2etCab6wWMSXM9OS_fA75LmxJDdXjjrfvj9phz.js:1651
[10051840ms] [ERROR] Permissions policy violation: unload is not allowed in this document. @ https://static.xx.fbcdn.net/rsrc.php/v4/yE/r/-MiLwDFVI2F.js:322
[10054307ms] [LOG] 
%cStop! font-family:helvetica; font-size:20px; font-size:50px; font-weight:bold; color:red; -webkit-text-stroke:1px black; @ https://static.xx.fbcdn.net/rsrc.php/v4iYtQ4/yg/l/en_US-j/XcgcWUruCBXfsKjFW824VXoE-9MnZEgONc7vjjGWggiPQLPZkwt52vcSIu_wq0Igd6YvQvwC_3_bp-KlHau0oeUETnsosJcA3Da93GgYLWLlL99USAbvAcgAZakTHMVGsROym0AlPbqZWoXK-eJ3g2etCab6wWMSXM9OS_fA75LmxJDdmdj3BtdP1sKXjjrfvj9phzGByQHwqEcM4WHR082c0uvG_r3tdgb5-G6h9syo26Ro3c0bmJaX4GgnVhHUuJxmI2sIpzw6ZMd4Qaiq0eU9JAm6p2TBt6VyFcoyEzIcNwrPEtXmHFWoAFWBqE-XNIQ_22zOI0.js:453
[10054307ms] [LOG] 
%cThis is a browser feature intended for developers. If someone told you to copy-paste something here to enable a Facebook feature or "hack" someone's account, it's a scam and will give them access to your Facebook account. font-family:helvetica; font-size:20px;  @ https://static.xx.fbcdn.net/rsrc.php/v4iYtQ4/yg/l/en_US-j/XcgcWUruCBXfsKjFW824VXoE-9MnZEgONc7vjjGWggiPQLPZkwt52vcSIu_wq0Igd6YvQvwC_3_bp-KlHau0oeUETnsosJcA3Da93GgYLWLlL99USAbvAcgAZakTHMVGsROym0AlPbqZWoXK-eJ3g2etCab6wWMSXM9OS_fA75LmxJDdmdj3BtdP1sKXjjrfvj9phzGByQHwqEcM4WHR082c0uvG_r3tdgb5-G6h9syo26Ro3c0bmJaX4GgnVhHUuJxmI2sIpzw6ZMd4Qaiq0eU9JAm6p2TBt6VyFcoyEzIcNwrPEtXmHFWoAFWBqE-XNIQ_22zOI0.js:453
[10054308ms] [LOG] 
%cSee https://www.facebook.com/selfxss for more information. font-family:helvetica; font-size:20px;  @ https://static.xx.fbcdn.net/rsrc.php/v4iYtQ4/yg/l/en_US-j/XcgcWUruCBXfsKjFW824VXoE-9MnZEgONc7vjjGWggiPQLPZkwt52vcSIu_wq0Igd6YvQvwC_3_bp-KlHau0oeUETnsosJcA3Da93GgYLWLlL99USAbvAcgAZakTHMVGsROym0AlPbqZWoXK-eJ3g2etCab6wWMSXM9OS_fA75LmxJDdmdj3BtdP1sKXjjrfvj9phzGByQHwqEcM4WHR082c0uvG_r3tdgb5-G6h9syo26Ro3c0bmJaX4GgnVhHUuJxmI2sIpzw6ZMd4Qaiq0eU9JAm6p2TBt6VyFcoyEzIcNwrPEtXmHFWoAFWBqE-XNIQ_22zOI0.js:453
[10054308ms] [LOG] 
%c  @ https://static.xx.fbcdn.net/rsrc.php/v4iYtQ4/yg/l/en_US-j/XcgcWUruCBXfsKjFW824VXoE-9MnZEgONc7vjjGWggiPQLPZkwt52vcSIu_wq0Igd6YvQvwC_3_bp-KlHau0oeUETnsosJcA3Da93GgYLWLlL99USAbvAcgAZakTHMVGsROym0AlPbqZWoXK-eJ3g2etCab6wWMSXM9OS_fA75LmxJDdmdj3BtdP1sKXjjrfvj9phzGByQHwqEcM4WHR082c0uvG_r3tdgb5-G6h9syo26Ro3c0bmJaX4GgnVhHUuJxmI2sIpzw6ZMd4Qaiq0eU9JAm6p2TBt6VyFcoyEzIcNwrPEtXmHFWoAFWBqE-XNIQ_22zOI0.js:453
