[    2188ms] [ERROR] Permissions policy violation: unload is not allowed in this document. @ https://static.xx.fbcdn.net/rsrc.php/v4/yE/r/-MiLwDFVI2F.js:322
[    4261ms] Error: Minified React error #418; visit https://react.dev/errors/418?args[]=HTML&args[]= for the full message or use the non-minified dev environment for full errors and additional helpful warnings.
    at mr (https://static.xx.fbcdn.net/rsrc.php/v4icaF4/ym/l/en_US-j/mCW9r_Oc-iehPUkUsHO5Y2VfortLzGqOYlJk7XOF2C0TZW5p7_WurV5FbrZ-OzE10o.js:1064:28932)
    at fr (https://static.xx.fbcdn.net/rsrc.php/v4icaF4/ym/l/en_US-j/mCW9r_Oc-iehPUkUsHO5Y2VfortLzGqOYlJk7XOF2C0TZW5p7_WurV5FbrZ-OzE10o.js:1064:30324)
    at Cs (https://static.xx.fbcdn.net/rsrc.php/v4icaF4/ym/l/en_US-j/mCW9r_Oc-iehPUkUsHO5Y2VfortLzGqOYlJk7XOF2C0TZW5p7_WurV5FbrZ-OzE10o.js:1064:95082)
    at kd (https://static.xx.fbcdn.net/rsrc.php/v4icaF4/ym/l/en_US-j/mCW9r_Oc-iehPUkUsHO5Y2VfortLzGqOYlJk7XOF2C0TZW5p7_WurV5FbrZ-OzE10o.js:1064:142414)
    at Rd (https://static.xx.fbcdn.net/rsrc.php/v4icaF4/ym/l/en_US-j/mCW9r_Oc-iehPUkUsHO5Y2VfortLzGqOYlJk7XOF2C0TZW5p7_WurV5FbrZ-OzE10o.js:1064:141541)
    at bd (https://static.xx.fbcdn.net/rsrc.php/v4icaF4/ym/l/en_US-j/mCW9r_Oc-iehPUkUsHO5Y2VfortLzGqOYlJk7XOF2C0TZW5p7_WurV5FbrZ-OzE10o.js:1064:140523)
    at Cd (https://static.xx.fbcdn.net/rsrc.php/v4icaF4/ym/l/en_US-j/mCW9r_Oc-iehPUkUsHO5Y2VfortLzGqOYlJk7XOF2C0TZW5p7_WurV5FbrZ-OzE10o.js:1064:140355)
    at id (https://static.xx.fbcdn.net/rsrc.php/v4icaF4/ym/l/en_US-j/mCW9r_Oc-iehPUkUsHO5Y2VfortLzGqOYlJk7XOF2C0TZW5p7_WurV5FbrZ-OzE10o.js:1064:136481)
    at Zr (https://static.xx.fbcdn.net/rsrc.php/v4icaF4/ym/l/en_US-j/mCW9r_Oc-iehPUkUsHO5Y2VfortLzGqOYlJk7XOF2C0TZW5p7_WurV5FbrZ-OzE10o.js:1064:35994)
    at Kr (https://static.xx.fbcdn.net/rsrc.php/v4icaF4/ym/l/en_US-j/mCW9r_Oc-iehPUkUsHO5Y2VfortLzGqOYlJk7XOF2C0TZW5p7_WurV5FbrZ-OzE10o.js:1064:34110)
    at Xr (https://static.xx.fbcdn.net/rsrc.php/v4icaF4/ym/l/en_US-j/mCW9r_Oc-iehPUkUsHO5Y2VfortLzGqOYlJk7XOF2C0TZW5p7_WurV5FbrZ-OzE10o.js:1064:34510)
    at https://static.xx.fbcdn.net/rsrc.php/v4icaF4/ym/l/en_US-j/mCW9r_Oc-iehPUkUsHO5Y2VfortLzGqOYlJk7XOF2C0TZW5p7_WurV5FbrZ-OzE10o.js:1064:36053
[    4652ms] [LOG] 
%cStop! font-family:helvetica; font-size:20px; font-size:50px; font-weight:bold; color:red; -webkit-text-stroke:1px black; @ https://static.xx.fbcdn.net/rsrc.php/v4iYtQ4/yg/l/en_US-j/XcgcWUruCBXfsKjFW824VXoE-9MnZEgONc7vjjGWggiPQLPZkwt52vcSIu_wq0Igd6YvQvwC_3_bp-KlHau0oeUETnsosJcA3Da93GgYLWLlL99USAbvAcgAZakTHMVGsROym0AlPbqZWoXK-eJ3g2etCab6wWMSXM9OS_fA75LmxJDdmdj3BtdP1sKXjjrfvj9phzGByQHwqEcM4WHR082c0uvG_r3tdgb5-G6h9syo26Ro3c0bmJaX4GgnVhHUuJxmI2sIpzw6ZMd4Qaiq0eU9JAm6p2TBt6VyFcoyEzIcNwrPEtXmHFWoAFWBqE-XNIQ_22zOI0.js:453
[    4653ms] [LOG] 
%cThis is a browser feature intended for developers. If someone told you to copy-paste something here to enable a Facebook feature or "hack" someone's account, it's a scam and will give them access to your Facebook account. font-family:helvetica; font-size:20px;  @ https://static.xx.fbcdn.net/rsrc.php/v4iYtQ4/yg/l/en_US-j/XcgcWUruCBXfsKjFW824VXoE-9MnZEgONc7vjjGWggiPQLPZkwt52vcSIu_wq0Igd6YvQvwC_3_bp-KlHau0oeUETnsosJcA3Da93GgYLWLlL99USAbvAcgAZakTHMVGsROym0AlPbqZWoXK-eJ3g2etCab6wWMSXM9OS_fA75LmxJDdmdj3BtdP1sKXjjrfvj9phzGByQHwqEcM4WHR082c0uvG_r3tdgb5-G6h9syo26Ro3c0bmJaX4GgnVhHUuJxmI2sIpzw6ZMd4Qaiq0eU9JAm6p2TBt6VyFcoyEzIcNwrPEtXmHFWoAFWBqE-XNIQ_22zOI0.js:453
[    4653ms] [LOG] 
%cSee https://www.facebook.com/selfxss for more information. font-family:helvetica; font-size:20px;  @ https://static.xx.fbcdn.net/rsrc.php/v4iYtQ4/yg/l/en_US-j/XcgcWUruCBXfsKjFW824VXoE-9MnZEgONc7vjjGWggiPQLPZkwt52vcSIu_wq0Igd6YvQvwC_3_bp-KlHau0oeUETnsosJcA3Da93GgYLWLlL99USAbvAcgAZakTHMVGsROym0AlPbqZWoXK-eJ3g2etCab6wWMSXM9OS_fA75LmxJDdmdj3BtdP1sKXjjrfvj9phzGByQHwqEcM4WHR082c0uvG_r3tdgb5-G6h9syo26Ro3c0bmJaX4GgnVhHUuJxmI2sIpzw6ZMd4Qaiq0eU9JAm6p2TBt6VyFcoyEzIcNwrPEtXmHFWoAFWBqE-XNIQ_22zOI0.js:453
[    4653ms] [LOG] 
%c  @ https://static.xx.fbcdn.net/rsrc.php/v4iYtQ4/yg/l/en_US-j/XcgcWUruCBXfsKjFW824VXoE-9MnZEgONc7vjjGWggiPQLPZkwt52vcSIu_wq0Igd6YvQvwC_3_bp-KlHau0oeUETnsosJcA3Da93GgYLWLlL99USAbvAcgAZakTHMVGsROym0AlPbqZWoXK-eJ3g2etCab6wWMSXM9OS_fA75LmxJDdmdj3BtdP1sKXjjrfvj9phzGByQHwqEcM4WHR082c0uvG_r3tdgb5-G6h9syo26Ro3c0bmJaX4GgnVhHUuJxmI2sIpzw6ZMd4Qaiq0eU9JAm6p2TBt6VyFcoyEzIcNwrPEtXmHFWoAFWBqE-XNIQ_22zOI0.js:453
